PZOPSS0006E - Pathfinder Society Scenario 06 - Black Waters
PZOPSS0013E - Pathfinder Society Scenario 13 - The Prince of Augustana
PZOPSS0037E - Pathfinder Society Scenario 37 - The Beggar's Pearl
PZOPSS0215E - Pathfinder Society Scenario 2-15 - Shades of Ice - Part I - Written in Blood
PZOPSS0217E - Pathfinder Society Scenario 2-17 - Shades of Ice - Part II - Exiles of Winter
PZOPSS0219E - Pathfinder Society Scenario 2-19 - Shades of Ice - Part III - Keep of the Huscarl King
PZOPSS0422E - Pathfinder Society Scenario 4-22 - Glories of the Past - Part I - Halls of Dwarven Lore
PZOPSS0424E - Pathfinder Society Scenario 4-24 - Glories of the Past - Part II - The Price of Friendship
PZOPSS0425E - Pathfinder Society Scenario 4-25 - Glories of the Past - Part III - The Secrets Stones Keep
PZOPSS0501E - Pathfinder Society Scenario 5-01 - The Glass River Rescue
PZOPSS0502E - Pathfinder Society Scenario 5-02 - The Wardstone Patrol
PZOPSS0509E - Pathfinder Society Scenario 5-09 - The Traitor's Lodge
PZOPSS0521E - Pathfinder Society Scenario 5-21 - The Merchant's Wake
PZOPSS0605E - Pathfinder Society Scenario 6-05 - Slave Ships of Absalom
PZOPSS0705E - Pathfinder Society Scenario 7-05 - School of Spirits
PZOPSS0710E - Pathfinder Society Scenario 7-10 - The Consortium Compact
PZOPSS0717E - Pathfinder Society Scenario 7-17 - Thralls of the Shattered God
PZOPSS0724E - Pathfinder Society Scenario 7-24 - Dead Man's Debt
PZOPSS0727E - Pathfinder Society Scenario 7-27 - Beyond Azlant Ridge
PZOPSS0809E - Pathfinder Society Scenario 8-09 - Forged in Flame - Part 1 - The Cindersworn Pact
PZOPSS0811E - Pathfinder Society Scenario 8-11 - Forged in Flame - Part 2 - Cleansed With Fire
